app/build/intermediates/manifest_merge_blame_file/debug/manifest-merger-blame-debug-report.txt
1<?xml version="1.0" encoding="utf-8"?>
2<manifest xmlns:android="http://schemas.android.com/apk/res/android"
3    package="com.example.employeelist"
4    android:versionCode="1"
5    android:versionName="1.0" >
6
7    <uses-sdk
8        android:minSdkVersion="16"
8-->src/main/AndroidManifest.xml
9        android:targetSdkVersion="29" />
9-->src/main/AndroidManifest.xml
10
11    <uses-permission android:name="android.permission.READ_CONTACTS" />
11-->src/main/AndroidManifest.xml:6:5-72
11-->src/main/AndroidManifest.xml:6:22-69
12    <uses-permission android:name="android.permission.INTERNET" />
12-->src/main/AndroidManifest.xml:7:5-67
12-->src/main/AndroidManifest.xml:7:22-64
13    <uses-permission android:name="android.permission.ACCESS_NETWORK_STATE" />
13-->src/main/AndroidManifest.xml:8:5-79
13-->src/main/AndroidManifest.xml:8:22-76
14    <uses-permission android:name="android.permission.CAMERA" />
14-->src/main/AndroidManifest.xml:9:5-65
14-->src/main/AndroidManifest.xml:9:22-62
15    <uses-permission android:name="android.permission.WRITE_EXTERNAL_STORAGE" />
15-->src/main/AndroidManifest.xml:10:5-81
15-->src/main/AndroidManifest.xml:10:22-78
16
17    <application
17-->src/main/AndroidManifest.xml:12:5-49:19
18        android:allowBackup="true"
18-->src/main/AndroidManifest.xml:13:9-35
19        android:appComponentFactory="androidx.core.app.CoreComponentFactory"
19-->[androidx.core:core:1.1.0] AndroidManifest.xml:24:18-86
20        android:debuggable="true"
21        android:icon="@mipmap/ic_launcher"
21-->src/main/AndroidManifest.xml:14:9-43
22        android:label="@string/title"
22-->src/main/AndroidManifest.xml:15:9-38
23        android:roundIcon="@mipmap/ic_launcher_round"
23-->src/main/AndroidManifest.xml:16:9-54
24        android:supportsRtl="true"
24-->src/main/AndroidManifest.xml:17:9-35
25        android:testOnly="true"
26        android:theme="@style/AppTheme"
26-->src/main/AndroidManifest.xml:18:9-40
27        android:usesCleartextTraffic="true" >
27-->src/main/AndroidManifest.xml:19:9-44
28
29        <!--
30        <activity
31            android:name=".ui.DashboardActivity"
32            android:label="@string/title_activity_tabbed_main"
33            android:theme="@style/AppTheme.NoActionBar">
34            <intent-filter>
35                <action android:name="android.intent.action.MAIN" />
36
37                <category android:name="android.intent.category.LAUNCHER" />
38            </intent-filter>
39        </activity>
40        -->
41        <activity
41-->src/main/AndroidManifest.xml:32:9-35:59
42            android:name="com.example.employeelist.ui.ItemActivity"
42-->src/main/AndroidManifest.xml:33:13-44
43            android:label="@string/title_activity_item"
43-->src/main/AndroidManifest.xml:34:13-56
44            android:theme="@style/AppTheme.NoActionBar" /> <!-- <activity android:name=".ui.activity_sale" /> -->
44-->src/main/AndroidManifest.xml:35:13-56
45        <activity android:name="com.example.employeelist.ui.DashboardActivity" >
45-->src/main/AndroidManifest.xml:36:9-43:20
45-->src/main/AndroidManifest.xml:36:19-55
46            <intent-filter>
46-->src/main/AndroidManifest.xml:37:13-42:29
47                <action android:name="android.intent.action.MAIN" />
47-->src/main/AndroidManifest.xml:38:17-69
47-->src/main/AndroidManifest.xml:38:25-66
48                <action android:name="android.intent.action.VIEW" />
48-->src/main/AndroidManifest.xml:39:17-69
48-->src/main/AndroidManifest.xml:39:25-66
49
50                <category android:name="android.intent.category.LAUNCHER" />
50-->src/main/AndroidManifest.xml:41:17-77
50-->src/main/AndroidManifest.xml:41:27-74
51            </intent-filter>
52        </activity>
53        <activity android:name="com.example.employeelist.ui.MainActivity" />
53-->src/main/AndroidManifest.xml:44:9-62
53-->src/main/AndroidManifest.xml:44:19-50
54        <activity android:name="com.example.employeelist.ui.TransactionActivity" />
54-->src/main/AndroidManifest.xml:45:9-69
54-->src/main/AndroidManifest.xml:45:19-57
55        <activity android:name="com.example.employeelist.ui.CustomerActivity" />
55-->src/main/AndroidManifest.xml:46:9-66
55-->src/main/AndroidManifest.xml:46:19-54
56        <activity android:name="com.example.employeelist.ui.ReportActivity" />
56-->src/main/AndroidManifest.xml:47:9-64
56-->src/main/AndroidManifest.xml:47:19-52
57        <activity android:name="com.example.employeelist.ui.ItemsMainActivity" />
57-->src/main/AndroidManifest.xml:48:9-67
57-->src/main/AndroidManifest.xml:48:19-55
58
59        <provider
59-->[androidx.lifecycle:lifecycle-process:2.1.0] AndroidManifest.xml:23:9-27:43
60            android:name="androidx.lifecycle.ProcessLifecycleOwnerInitializer"
60-->[androidx.lifecycle:lifecycle-process:2.1.0] AndroidManifest.xml:24:13-79
61            android:authorities="com.example.employeelist.lifecycle-process"
61-->[androidx.lifecycle:lifecycle-process:2.1.0] AndroidManifest.xml:25:13-69
62            android:exported="false"
62-->[androidx.lifecycle:lifecycle-process:2.1.0] AndroidManifest.xml:26:13-37
63            android:multiprocess="true" />
63-->[androidx.lifecycle:lifecycle-process:2.1.0] AndroidManifest.xml:27:13-40
64    </application>
65
66</manifest>